<?xml version="1.0" encoding="UTF-8"?>
<testng-results ignored="0" total="1" passed="1" failed="0" skipped="0">
  <reporter-output>
    <line>
      <![CDATA[Extent Report Directory/Users/IDEAProjects/Salesforce-Automation-Project/AdminHome/target/surefire-reports/html]]>
    </line>
    <line>
      <![CDATA[AdminHomeTest: click On Sign In Button]]>
    </line>
    <line>
      <![CDATA[AdminHome: is Login Moda Displayed]]>
    </line>
    <line>
      <![CDATA[Yes, displayed. Handle it now.]]>
    </line>
    <line>
      <![CDATA[AdminHome: click On Sign In With Salesforce]]>
    </line>
    <line>
      <![CDATA[AdminHome: set Login Modal Click]]>
    </line>
    <line>
      <![CDATA[AdminHome: getlogin Modal Click]]>
    </line>
    <line>
      <![CDATA[Sleep for 2 sec]]>
    </line>
  </reporter-output>
  <suite started-at="2018-06-17T23:27:16Z" name="Salesforce Trailhead " finished-at="2018-06-17T23:27:32Z" duration-ms="15903">
    <groups>
    </groups>
    <test started-at="2018-06-17T23:27:16Z" name="Salesforce Trailhead" finished-at="2018-06-17T23:27:32Z" duration-ms="15903">
      <class name="AdminTabTest.AdminHomeTest">
        <test-method is-config="true" signature="extentSetup(org.testng.ITestContext)[pri:0, instance:AdminTabTest.AdminHomeTest@524d6d96]" started-at="2018-06-17T23:27:16Z" name="extentSetup" finished-at="2018-06-17T23:27:16Z" duration-ms="290" status="PASS">
          <params>
            <param index="0">
              <value>
                <![CDATA[org.testng.TestRunner@6d3c232f]]>
              </value>
            </param>
          </params>
          <reporter-output>
            <line>
              <![CDATA[Extent Report Directory/Users/IDEAProjects/Salesforce-Automation-Project/AdminHome/target/surefire-reports/html]]>
            </line>
          </reporter-output>
        </test-method> <!-- extentSetup -->
        <test-method is-config="true" signature="setUp(boolean, java.lang.String, java.lang.String, java.lang.String, java.lang.String, java.lang.String, java.lang.String)[pri:0, instance:AdminTabTest.AdminHomeTest@524d6d96]" started-at="2018-06-17T23:27:16Z" name="setUp" finished-at="2018-06-17T23:27:19Z" duration-ms="3174" status="PASS">
          <params>
            <param index="0">
              <value>
                <![CDATA[false]]>
              </value>
            </param>
            <param index="1">
              <value>
                <![CDATA[browserstack]]>
              </value>
            </param>
            <param index="2">
              <value>
                <![CDATA[OS X]]>
              </value>
            </param>
            <param index="3">
              <value>
                <![CDATA[Sierra]]>
              </value>
            </param>
            <param index="4">
              <value>
                <![CDATA[chrome]]>
              </value>
            </param>
            <param index="5">
              <value>
                <![CDATA[53.0]]>
              </value>
            </param>
            <param index="6">
              <value>
                <![CDATA[https://trailhead.salesforce.com]]>
              </value>
            </param>
          </params>
          <reporter-output>
          </reporter-output>
        </test-method> <!-- setUp -->
        <test-method is-config="true" signature="startExtent(java.lang.reflect.Method)[pri:0, instance:AdminTabTest.AdminHomeTest@524d6d96]" started-at="2018-06-17T23:27:19Z" name="startExtent" finished-at="2018-06-17T23:27:19Z" duration-ms="7" status="PASS">
          <params>
            <param index="0">
              <value>
                <![CDATA[public void AdminTabTest.AdminHomeTest.clickOnSignInButton() throws java.lang.InterruptedException,java.io.IOException]]>
              </value>
            </param>
          </params>
          <reporter-output>
          </reporter-output>
        </test-method> <!-- startExtent -->
        <test-method signature="clickOnSignInButton()[pri:0, instance:AdminTabTest.AdminHomeTest@524d6d96]" started-at="2018-06-17T23:27:19Z" name="clickOnSignInButton" finished-at="2018-06-17T23:27:32Z" duration-ms="12359" status="PASS">
          <reporter-output>
            <line>
              <![CDATA[AdminHomeTest: click On Sign In Button]]>
            </line>
            <line>
              <![CDATA[AdminHome: is Login Moda Displayed]]>
            </line>
            <line>
              <![CDATA[Yes, displayed. Handle it now.]]>
            </line>
            <line>
              <![CDATA[AdminHome: click On Sign In With Salesforce]]>
            </line>
            <line>
              <![CDATA[AdminHome: set Login Modal Click]]>
            </line>
            <line>
              <![CDATA[AdminHome: getlogin Modal Click]]>
            </line>
            <line>
              <![CDATA[Sleep for 2 sec]]>
            </line>
          </reporter-output>
        </test-method> <!-- clickOnSignInButton -->
        <test-method is-config="true" signature="afterEachTestMethod(org.testng.ITestResult)[pri:0, instance:AdminTabTest.AdminHomeTest@524d6d96]" started-at="2018-06-17T23:27:32Z" name="afterEachTestMethod" finished-at="2018-06-17T23:27:32Z" duration-ms="347" status="PASS">
          <params>
            <param index="0">
              <value>
                <![CDATA[[TestResult name=clickOnSignInButton status=SUCCESS method=AdminHomeTest.clickOnSignInButton()[pri:0, instance:AdminTabTest.AdminHomeTest@524d6d96] output=AdminHomeTest: click On Sign In Button]]]>
              </value>
            </param>
          </params>
          <reporter-output>
          </reporter-output>
        </test-method> <!-- afterEachTestMethod -->
        <test-method is-config="true" signature="afterMethod()[pri:0, instance:AdminTabTest.AdminHomeTest@524d6d96]" started-at="2018-06-17T23:27:32Z" name="afterMethod" finished-at="2018-06-17T23:27:32Z" duration-ms="1" status="PASS">
          <reporter-output>
          </reporter-output>
        </test-method> <!-- afterMethod -->
        <test-method is-config="true" signature="generateReport()[pri:0, instance:AdminTabTest.AdminHomeTest@524d6d96]" started-at="2018-06-17T23:27:32Z" name="generateReport" finished-at="2018-06-17T23:27:32Z" duration-ms="70" status="PASS">
          <reporter-output>
          </reporter-output>
        </test-method> <!-- generateReport -->
      </class> <!-- AdminTabTest.AdminHomeTest -->
    </test> <!-- Salesforce Trailhead -->
  </suite> <!-- Salesforce Trailhead  -->
</testng-results>
